
=================================================================
==600787==ERROR: LeakSanitizer: detected memory leaks

Direct leak of 15 byte(s) in 1 object(s) allocated from:
    #0 0x49a17d in malloc (/home/cliew/francinette/temp/libft/war-machine/user_exe+0x49a17d)
    #1 0x4cb1f9 in main /home/cliew/francinette/temp/libft/war-machine/tests/Part1_functions/ft_memset/main.c:24:14
    #2 0x7f12d4e84d8f in __libc_start_call_main csu/../sysdeps/nptl/libc_start_call_main.h:58:16

SUMMARY: AddressSanitizer: 15 byte(s) leaked in 1 allocation(s).

=================================================================
==600812==ERROR: LeakSanitizer: detected memory leaks

Direct leak of 15 byte(s) in 1 object(s) allocated from:
    #0 0x49a17d in malloc (/home/cliew/francinette/temp/libft/war-machine/user_exe+0x49a17d)
    #1 0x4cb1f9 in main /home/cliew/francinette/temp/libft/war-machine/tests/Part1_functions/ft_memset/main.c:24:14
    #2 0x7f9c5159fd8f in __libc_start_call_main csu/../sysdeps/nptl/libc_start_call_main.h:58:16

SUMMARY: AddressSanitizer: 15 byte(s) leaked in 1 allocation(s).

=================================================================
==600862==ERROR: LeakSanitizer: detected memory leaks

Direct leak of 15 byte(s) in 1 object(s) allocated from:
    #0 0x49a17d in malloc (/home/cliew/francinette/temp/libft/war-machine/user_exe+0x49a17d)
    #1 0x4cb1f9 in main /home/cliew/francinette/temp/libft/war-machine/tests/Part1_functions/ft_memset/main.c:24:14
    #2 0x7fe68598ad8f in __libc_start_call_main csu/../sysdeps/nptl/libc_start_call_main.h:58:16

SUMMARY: AddressSanitizer: 15 byte(s) leaked in 1 allocation(s).

=================================================================
==600909==ERROR: LeakSanitizer: detected memory leaks

Direct leak of 5 byte(s) in 1 object(s) allocated from:
    #0 0x49a17d in malloc (/home/cliew/francinette/temp/libft/war-machine/user_exe+0x49a17d)
    #1 0x4cb203 in main /home/cliew/francinette/temp/libft/war-machine/tests/Part1_functions/ft_bzero/main.c:23:27
    #2 0x7f937f07ed8f in __libc_start_call_main csu/../sysdeps/nptl/libc_start_call_main.h:58:16

SUMMARY: AddressSanitizer: 5 byte(s) leaked in 1 allocation(s).

=================================================================
==600934==ERROR: LeakSanitizer: detected memory leaks

Direct leak of 5 byte(s) in 1 object(s) allocated from:
    #0 0x49a17d in malloc (/home/cliew/francinette/temp/libft/war-machine/user_exe+0x49a17d)
    #1 0x4cb203 in main /home/cliew/francinette/temp/libft/war-machine/tests/Part1_functions/ft_bzero/main.c:23:27
    #2 0x7fe815125d8f in __libc_start_call_main csu/../sysdeps/nptl/libc_start_call_main.h:58:16

SUMMARY: AddressSanitizer: 5 byte(s) leaked in 1 allocation(s).

=================================================================
==600981==ERROR: LeakSanitizer: detected memory leaks

Direct leak of 30 byte(s) in 1 object(s) allocated from:
    #0 0x49a17d in malloc (/home/cliew/francinette/temp/libft/war-machine/user_exe+0x49a17d)
    #1 0x4cb1f9 in main /home/cliew/francinette/temp/libft/war-machine/tests/Part1_functions/ft_memcpy/main.c:24:14
    #2 0x7fec9cc7ed8f in __libc_start_call_main csu/../sysdeps/nptl/libc_start_call_main.h:58:16

SUMMARY: AddressSanitizer: 30 byte(s) leaked in 1 allocation(s).

=================================================================
==601006==ERROR: LeakSanitizer: detected memory leaks

Direct leak of 30 byte(s) in 1 object(s) allocated from:
    #0 0x49a17d in malloc (/home/cliew/francinette/temp/libft/war-machine/user_exe+0x49a17d)
    #1 0x4cb1f9 in main /home/cliew/francinette/temp/libft/war-machine/tests/Part1_functions/ft_memcpy/main.c:24:14
    #2 0x7f0c35116d8f in __libc_start_call_main csu/../sysdeps/nptl/libc_start_call_main.h:58:16

SUMMARY: AddressSanitizer: 30 byte(s) leaked in 1 allocation(s).

=================================================================
==601078==ERROR: LeakSanitizer: detected memory leaks

Direct leak of 15 byte(s) in 1 object(s) allocated from:
    #0 0x49a17d in malloc (/home/cliew/francinette/temp/libft/war-machine/user_exe+0x49a17d)
    #1 0x4cb399 in main /home/cliew/francinette/temp/libft/war-machine/tests/Part1_functions/ft_strlcpy/main.c:35:23
    #2 0x7ff42a97fd8f in __libc_start_call_main csu/../sysdeps/nptl/libc_start_call_main.h:58:16

SUMMARY: AddressSanitizer: 15 byte(s) leaked in 1 allocation(s).

=================================================================
==601103==ERROR: LeakSanitizer: detected memory leaks

Direct leak of 15 byte(s) in 1 object(s) allocated from:
    #0 0x49a17d in malloc (/home/cliew/francinette/temp/libft/war-machine/user_exe+0x49a17d)
    #1 0x4cb399 in main /home/cliew/francinette/temp/libft/war-machine/tests/Part1_functions/ft_strlcpy/main.c:35:23
    #2 0x7fd8b3497d8f in __libc_start_call_main csu/../sysdeps/nptl/libc_start_call_main.h:58:16

SUMMARY: AddressSanitizer: 15 byte(s) leaked in 1 allocation(s).

=================================================================
==601129==ERROR: LeakSanitizer: detected memory leaks

Direct leak of 15 byte(s) in 1 object(s) allocated from:
    #0 0x49a17d in malloc (/home/cliew/francinette/temp/libft/war-machine/user_exe+0x49a17d)
    #1 0x4cb399 in main /home/cliew/francinette/temp/libft/war-machine/tests/Part1_functions/ft_strlcpy/main.c:35:23
    #2 0x7f6f93c67d8f in __libc_start_call_main csu/../sysdeps/nptl/libc_start_call_main.h:58:16

SUMMARY: AddressSanitizer: 15 byte(s) leaked in 1 allocation(s).

=================================================================
==601154==ERROR: LeakSanitizer: detected memory leaks

Direct leak of 15 byte(s) in 1 object(s) allocated from:
    #0 0x49a17d in malloc (/home/cliew/francinette/temp/libft/war-machine/user_exe+0x49a17d)
    #1 0x4cb399 in main /home/cliew/francinette/temp/libft/war-machine/tests/Part1_functions/ft_strlcpy/main.c:35:23
    #2 0x7f0e74d3dd8f in __libc_start_call_main csu/../sysdeps/nptl/libc_start_call_main.h:58:16

SUMMARY: AddressSanitizer: 15 byte(s) leaked in 1 allocation(s).

=================================================================
==601180==ERROR: LeakSanitizer: detected memory leaks

Direct leak of 15 byte(s) in 1 object(s) allocated from:
    #0 0x49a17d in malloc (/home/cliew/francinette/temp/libft/war-machine/user_exe+0x49a17d)
    #1 0x4cb399 in main /home/cliew/francinette/temp/libft/war-machine/tests/Part1_functions/ft_strlcpy/main.c:35:23
    #2 0x7fe5b76c3d8f in __libc_start_call_main csu/../sysdeps/nptl/libc_start_call_main.h:58:16

SUMMARY: AddressSanitizer: 15 byte(s) leaked in 1 allocation(s).

=================================================================
==601227==ERROR: LeakSanitizer: detected memory leaks

Direct leak of 15 byte(s) in 1 object(s) allocated from:
    #0 0x49a17d in malloc (/home/cliew/francinette/temp/libft/war-machine/user_exe+0x49a17d)
    #1 0x4cb39c in main /home/cliew/francinette/temp/libft/war-machine/tests/Part1_functions/ft_strlcat/main.c:34:23
    #2 0x7f472b30bd8f in __libc_start_call_main csu/../sysdeps/nptl/libc_start_call_main.h:58:16

SUMMARY: AddressSanitizer: 15 byte(s) leaked in 1 allocation(s).

=================================================================
==601252==ERROR: LeakSanitizer: detected memory leaks

Direct leak of 15 byte(s) in 1 object(s) allocated from:
    #0 0x49a17d in malloc (/home/cliew/francinette/temp/libft/war-machine/user_exe+0x49a17d)
    #1 0x4cb39c in main /home/cliew/francinette/temp/libft/war-machine/tests/Part1_functions/ft_strlcat/main.c:34:23
    #2 0x7f542da4cd8f in __libc_start_call_main csu/../sysdeps/nptl/libc_start_call_main.h:58:16

SUMMARY: AddressSanitizer: 15 byte(s) leaked in 1 allocation(s).

=================================================================
==601302==ERROR: LeakSanitizer: detected memory leaks

Direct leak of 15 byte(s) in 1 object(s) allocated from:
    #0 0x49a17d in malloc (/home/cliew/francinette/temp/libft/war-machine/user_exe+0x49a17d)
    #1 0x4cb39c in main /home/cliew/francinette/temp/libft/war-machine/tests/Part1_functions/ft_strlcat/main.c:34:23
    #2 0x7f3902ce7d8f in __libc_start_call_main csu/../sysdeps/nptl/libc_start_call_main.h:58:16

SUMMARY: AddressSanitizer: 15 byte(s) leaked in 1 allocation(s).

=================================================================
==601328==ERROR: LeakSanitizer: detected memory leaks

Direct leak of 15 byte(s) in 1 object(s) allocated from:
    #0 0x49a17d in malloc (/home/cliew/francinette/temp/libft/war-machine/user_exe+0x49a17d)
    #1 0x4cb39c in main /home/cliew/francinette/temp/libft/war-machine/tests/Part1_functions/ft_strlcat/main.c:34:23
    #2 0x7f8a85f25d8f in __libc_start_call_main csu/../sysdeps/nptl/libc_start_call_main.h:58:16

SUMMARY: AddressSanitizer: 15 byte(s) leaked in 1 allocation(s).

=================================================================
==601353==ERROR: LeakSanitizer: detected memory leaks

Direct leak of 15 byte(s) in 1 object(s) allocated from:
    #0 0x49a17d in malloc (/home/cliew/francinette/temp/libft/war-machine/user_exe+0x49a17d)
    #1 0x4cb39c in main /home/cliew/francinette/temp/libft/war-machine/tests/Part1_functions/ft_strlcat/main.c:34:23
    #2 0x7f75eeb98d8f in __libc_start_call_main csu/../sysdeps/nptl/libc_start_call_main.h:58:16

SUMMARY: AddressSanitizer: 15 byte(s) leaked in 1 allocation(s).

=================================================================
==601379==ERROR: LeakSanitizer: detected memory leaks

Direct leak of 15 byte(s) in 1 object(s) allocated from:
    #0 0x49a17d in malloc (/home/cliew/francinette/temp/libft/war-machine/user_exe+0x49a17d)
    #1 0x4cb39c in main /home/cliew/francinette/temp/libft/war-machine/tests/Part1_functions/ft_strlcat/main.c:34:23
    #2 0x7f4c7f21bd8f in __libc_start_call_main csu/../sysdeps/nptl/libc_start_call_main.h:58:16

SUMMARY: AddressSanitizer: 15 byte(s) leaked in 1 allocation(s).

=================================================================
==601404==ERROR: LeakSanitizer: detected memory leaks

Direct leak of 15 byte(s) in 1 object(s) allocated from:
    #0 0x49a17d in malloc (/home/cliew/francinette/temp/libft/war-machine/user_exe+0x49a17d)
    #1 0x4cb39c in main /home/cliew/francinette/temp/libft/war-machine/tests/Part1_functions/ft_strlcat/main.c:34:23
    #2 0x7f2748d2ad8f in __libc_start_call_main csu/../sysdeps/nptl/libc_start_call_main.h:58:16

SUMMARY: AddressSanitizer: 15 byte(s) leaked in 1 allocation(s).

=================================================================
==601430==ERROR: LeakSanitizer: detected memory leaks

Direct leak of 15 byte(s) in 1 object(s) allocated from:
    #0 0x49a17d in malloc (/home/cliew/francinette/temp/libft/war-machine/user_exe+0x49a17d)
    #1 0x4cb39c in main /home/cliew/francinette/temp/libft/war-machine/tests/Part1_functions/ft_strlcat/main.c:34:23
    #2 0x7f2721192d8f in __libc_start_call_main csu/../sysdeps/nptl/libc_start_call_main.h:58:16

SUMMARY: AddressSanitizer: 15 byte(s) leaked in 1 allocation(s).

=================================================================
==603531==ERROR: LeakSanitizer: detected memory leaks

Direct leak of 30 byte(s) in 1 object(s) allocated from:
    #0 0x49a17d in malloc (/home/cliew/francinette/temp/libft/war-machine/user_exe+0x49a17d)
    #1 0x4cb32b in ft_calloc (/home/cliew/francinette/temp/libft/war-machine/user_exe+0x4cb32b)
    #2 0x4cb256 in main /home/cliew/francinette/temp/libft/war-machine/tests/Part1_functions/ft_calloc/main.c:26:17
    #3 0x7fdcfc7dbd8f in __libc_start_call_main csu/../sysdeps/nptl/libc_start_call_main.h:58:16

SUMMARY: AddressSanitizer: 30 byte(s) leaked in 1 allocation(s).

=================================================================
==604031==ERROR: LeakSanitizer: detected memory leaks

Direct leak of 8 byte(s) in 1 object(s) allocated from:
    #0 0x49a17d in malloc (/home/cliew/francinette/temp/libft/war-machine/user_exe+0x49a17d)
    #1 0x4cb9ae in ft_split (/home/cliew/francinette/temp/libft/war-machine/user_exe+0x4cb9ae)
    #2 0x4cb2f8 in main /home/cliew/francinette/temp/libft/war-machine/tests/Part2_functions/ft_split/main.c:39:18
    #3 0x7fd21c2c4d8f in __libc_start_call_main csu/../sysdeps/nptl/libc_start_call_main.h:58:16

SUMMARY: AddressSanitizer: 8 byte(s) leaked in 1 allocation(s).

=================================================================
==604105==ERROR: LeakSanitizer: detected memory leaks

Direct leak of 208 byte(s) in 1 object(s) allocated from:
    #0 0x49a17d in malloc (/home/cliew/francinette/temp/libft/war-machine/user_exe+0x49a17d)
    #1 0x4cb9ae in ft_split (/home/cliew/francinette/temp/libft/war-machine/user_exe+0x4cb9ae)
    #2 0x4cb5b6 in main /home/cliew/francinette/temp/libft/war-machine/tests/Part2_functions/ft_split/main.c:81:18
    #3 0x7f0eb32f3d8f in __libc_start_call_main csu/../sysdeps/nptl/libc_start_call_main.h:58:16

Indirect leak of 253 byte(s) in 25 object(s) allocated from:
    #0 0x49a17d in malloc (/home/cliew/francinette/temp/libft/war-machine/user_exe+0x49a17d)
    #1 0x4cb91e in word_dup (/home/cliew/francinette/temp/libft/war-machine/user_exe+0x4cb91e)
    #2 0x4cba61 in ft_split (/home/cliew/francinette/temp/libft/war-machine/user_exe+0x4cba61)
    #3 0x4cb5b6 in main /home/cliew/francinette/temp/libft/war-machine/tests/Part2_functions/ft_split/main.c:81:18
    #4 0x7f0eb32f3d8f in __libc_start_call_main csu/../sysdeps/nptl/libc_start_call_main.h:58:16

SUMMARY: AddressSanitizer: 461 byte(s) leaked in 26 allocation(s).

=================================================================
==604131==ERROR: LeakSanitizer: detected memory leaks

Direct leak of 16 byte(s) in 1 object(s) allocated from:
    #0 0x49a17d in malloc (/home/cliew/francinette/temp/libft/war-machine/user_exe+0x49a17d)
    #1 0x4cb9ae in ft_split (/home/cliew/francinette/temp/libft/war-machine/user_exe+0x4cb9ae)
    #2 0x4cb6a0 in main /home/cliew/francinette/temp/libft/war-machine/tests/Part2_functions/ft_split/main.c:95:18
    #3 0x7f9e1cbead8f in __libc_start_call_main csu/../sysdeps/nptl/libc_start_call_main.h:58:16

Indirect leak of 253 byte(s) in 1 object(s) allocated from:
    #0 0x49a17d in malloc (/home/cliew/francinette/temp/libft/war-machine/user_exe+0x49a17d)
    #1 0x4cb91e in word_dup (/home/cliew/francinette/temp/libft/war-machine/user_exe+0x4cb91e)
    #2 0x4cba61 in ft_split (/home/cliew/francinette/temp/libft/war-machine/user_exe+0x4cba61)
    #3 0x4cb6a0 in main /home/cliew/francinette/temp/libft/war-machine/tests/Part2_functions/ft_split/main.c:95:18
    #4 0x7f9e1cbead8f in __libc_start_call_main csu/../sysdeps/nptl/libc_start_call_main.h:58:16

SUMMARY: AddressSanitizer: 269 byte(s) leaked in 2 allocation(s).

=================================================================
==604156==ERROR: LeakSanitizer: detected memory leaks

Direct leak of 8 byte(s) in 1 object(s) allocated from:
    #0 0x49a17d in malloc (/home/cliew/francinette/temp/libft/war-machine/user_exe+0x49a17d)
    #1 0x4cb9ae in ft_split (/home/cliew/francinette/temp/libft/war-machine/user_exe+0x4cb9ae)
    #2 0x4cb78a in main /home/cliew/francinette/temp/libft/war-machine/tests/Part2_functions/ft_split/main.c:109:18
    #3 0x7fbc0e54ad8f in __libc_start_call_main csu/../sysdeps/nptl/libc_start_call_main.h:58:16

SUMMARY: AddressSanitizer: 8 byte(s) leaked in 1 allocation(s).

=================================================================
==604469==ERROR: LeakSanitizer: detected memory leaks

Direct leak of 12 byte(s) in 1 object(s) allocated from:
    #0 0x49a17d in malloc (/home/cliew/francinette/temp/libft/war-machine/user_exe+0x49a17d)
    #1 0x4cb3d9 in main /home/cliew/francinette/temp/libft/war-machine/tests/Part2_functions/ft_strmapi/main.c:50:16
    #2 0x7fe3e2e92d8f in __libc_start_call_main csu/../sysdeps/nptl/libc_start_call_main.h:58:16

SUMMARY: AddressSanitizer: 12 byte(s) leaked in 1 allocation(s).
